Using pre-set license
Built from '2020.3/staging' branch; Version is '2020.3.13f1 (71691879b7f5) revision 7432472'; Using compiler version '192528614'; Build Type 'Release'
OS: 'Windows 10 Pro; OS build 19043.1110; Version 2009; 64bit' Language: 'en' Physical Memory: 7889 MB
BatchMode: 1, IsHumanControllingUs: 0, StartBugReporterOnCrash: 0, Is64bit: 1, IsPro: 0

 COMMAND LINE ARGUMENTS:
C:\Program Files\Unity\Hub\Editor\2020.3.13f1\Editor\Unity.exe
-adb2
-batchMode
-noUpm
-name
AssetImportWorker2
-projectPath
C:/Users/mdrag/AppData/Local/GitHubDesktop/app-2.9.0/Create with Code - Ethan T/Version-Control-Project-2.0
-logFile
Logs/AssetImportWorker2.log
-srvPort
51434
Successfully changed project path to: C:/Users/mdrag/AppData/Local/GitHubDesktop/app-2.9.0/Create with Code - Ethan T/Version-Control-Project-2.0
C:/Users/mdrag/AppData/Local/GitHubDesktop/app-2.9.0/Create with Code - Ethan T/Version-Control-Project-2.0
Using Asset Import Pipeline V2.
Refreshing native plugins compatible for Editor in 623.98 ms, found 2 plugins.
Preloading 0 native plugins for Editor in 0.00 ms.
Initialize engine version: 2020.3.13f1 (71691879b7f5)
[Subsystems] Discovering subsystems at path C:/Program Files/Unity/Hub/Editor/2020.3.13f1/Editor/Data/Resources/UnitySubsystems
[Subsystems] Discovering subsystems at path C:/Users/mdrag/AppData/Local/GitHubDesktop/app-2.9.0/Create with Code - Ethan T/Version-Control-Project-2.0/Assets
GfxDevice: creating device client; threaded=0
Direct3D:
    Version:  Direct3D 11.0 [level 11.0]
    Renderer: Intel(R) HD Graphics 4000 (ID=0x166)
    Vendor:   
    VRAM:     128 MB
    Driver:   10.18.10.4425
Shader 'Universal Render Pipeline/Particles/Lit': fallback shader 'Universal Render Pipeline/Particles/SimpleLit' not found
Initialize mono
Mono path[0] = 'C:/Program Files/Unity/Hub/Editor/2020.3.13f1/Editor/Data/Managed'
Mono path[1] = 'C:/Program Files/Unity/Hub/Editor/2020.3.13f1/Editor/Data/MonoBleedingEdge/lib/mono/unityjit'
Mono config path = 'C:/Program Files/Unity/Hub/Editor/2020.3.13f1/Editor/Data/MonoBleedingEdge/etc'
Using monoOptions --debugger-agent=transport=dt_socket,embedding=1,server=y,suspend=n,address=127.0.0.1:56328
Begin MonoManager ReloadAssembly
Registering precompiled unity dll's ...
Register platform support module: C:/Program Files/Unity/Hub/Editor/2020.3.13f1/Editor/Data/PlaybackEngines/WebGLSupport/UnityEditor.WebGL.Extensions.dll
Register platform support module: C:/Program Files/Unity/Hub/Editor/2020.3.13f1/Editor/Data/PlaybackEngines/WindowsStandaloneSupport/UnityEditor.WindowsStandalone.Extensions.dll
Registered in 0.008501 seconds.
Native extension for WindowsStandalone target not found
Native extension for WebGL target not found
Refreshing native plugins compatible for Editor in 96.52 ms, found 2 plugins.
Preloading 0 native plugins for Editor in 0.00 ms.
Mono: successfully reloaded assembly
- Completed reload, in  2.329 seconds
Platform modules already initialized, skipping
Registering precompiled user dll's ...
Registered in 0.016952 seconds.
Begin MonoManager ReloadAssembly
Native extension for WindowsStandalone target not found
Native extension for WebGL target not found
Refreshing native plugins compatible for Editor in 598.08 ms, found 2 plugins.
Preloading 0 native plugins for Editor in 0.00 ms.
Mono: successfully reloaded assembly
- Completed reload, in  8.637 seconds
Platform modules already initialized, skipping
========================================================================
Worker process is ready to serve import requests
Shader 'Universal Render Pipeline/Particles/Lit': fallback shader 'Universal Render Pipeline/Particles/SimpleLit' not found
Launched and connected shader compiler UnityShaderCompiler.exe after 0.10 seconds
Refreshing native plugins compatible for Editor in 1.00 ms, found 2 plugins.
Preloading 0 native plugins for Editor in 0.00 ms.
Unloading 2744 Unused Serialized files (Serialized files now loaded: 0)
System memory in use before: 125.2 MB.
System memory in use after: 125.4 MB.

Unloading 19 unused Assets to reduce memory usage. Loaded Objects now: 3181.
Total: 3.867900 ms (FindLiveObjects: 0.574400 ms CreateObjectMapping: 0.197800 ms MarkObjects: 2.949100 ms  DeleteObjects: 0.144100 ms)

AssetImportParameters requested are different than current active one (requested -> active):
  custom:framework-win-MediaFoundation: 216162199b28c13a410421893ffa2e32 -> 
  custom:video-decoder-ogg-theora: a1e56fd34408186e4bbccfd4996cb3dc -> 
  custom:container-muxer-webm: aa71ff27fc2769a1b78a27578f13a17b -> 
  custom:container-demuxer-webm: 4f35f7cbe854078d1ac9338744f61a02 -> 
  custom:container-demuxer-ogg: 62fdf1f143b41e24485cea50d1cbac27 -> 
  custom:video-encoder-webm-vp8: eb34c28f22e8b96e1ab97ce403110664 -> 
  custom:video-decoder-webm-vp8: 9c59270c3fd7afecdb556c50c9e8de78 -> 
  custom:audio-decoder-ogg-vorbis: bf7c407c2cedff20999df2af8eb42d56 -> 
  custom:audio-encoder-webm-vorbis: bf7c407c2cedff20999df2af8eb42d56 -> 
========================================================================
Received Import Request.
  path: Assets/Scripts/MainManager.cs
  artifactKey: Guid(daf3be75f2063b44c8e18de9e24987cd) Importer(815301076,1909f56bfc062723c751e8b465ee728b)
Start importing Assets/Scripts/MainManager.cs using Guid(daf3be75f2063b44c8e18de9e24987cd) Importer(815301076,1909f56bfc062723c751e8b465ee728b)  -> (artifact id: '2bd8852b18aeb364da1878d8bbc85f2e') in 0.060920 seconds 
  Import took 0.067460 seconds .

========================================================================
Received Import Request.
  Time since last request: 2633.844951 seconds.
  path: Assets/Scripts/MainManager.cs
  artifactKey: Guid(daf3be75f2063b44c8e18de9e24987cd) Importer(815301076,1909f56bfc062723c751e8b465ee728b)
Start importing Assets/Scripts/MainManager.cs using Guid(daf3be75f2063b44c8e18de9e24987cd) Importer(815301076,1909f56bfc062723c751e8b465ee728b)  -> (artifact id: 'f86366456c02b4c15219ea740e853ca0') in 0.041353 seconds 
  Import took 0.073354 seconds .

========================================================================
Received Import Request.
  Time since last request: 0.058192 seconds.
  path: Assets/Scripts/MainManager.cs
  artifactKey: Guid(daf3be75f2063b44c8e18de9e24987cd) Importer(815301076,1909f56bfc062723c751e8b465ee728b)
Start importing Assets/Scripts/MainManager.cs using Guid(daf3be75f2063b44c8e18de9e24987cd) Importer(815301076,1909f56bfc062723c751e8b465ee728b)  -> (artifact id: 'f86366456c02b4c15219ea740e853ca0') in 0.022503 seconds 
  Import took 0.031253 seconds .

========================================================================
Received Import Request.
  Time since last request: 107.009320 seconds.
  path: Assets/Scripts/MainManager.cs
  artifactKey: Guid(daf3be75f2063b44c8e18de9e24987cd) Importer(815301076,1909f56bfc062723c751e8b465ee728b)
Start importing Assets/Scripts/MainManager.cs using Guid(daf3be75f2063b44c8e18de9e24987cd) Importer(815301076,1909f56bfc062723c751e8b465ee728b)  -> (artifact id: 'a6106a0f3a2c683d7fa08efd3f2586f9') in 0.012677 seconds 
  Import took 0.026457 seconds .

========================================================================
Received Import Request.
  Time since last request: 119.181279 seconds.
  path: Assets/Scripts/MainManager.cs
  artifactKey: Guid(daf3be75f2063b44c8e18de9e24987cd) Importer(815301076,1909f56bfc062723c751e8b465ee728b)
Start importing Assets/Scripts/MainManager.cs using Guid(daf3be75f2063b44c8e18de9e24987cd) Importer(815301076,1909f56bfc062723c751e8b465ee728b)  -> (artifact id: 'b22fd8b7b7b7dbfe2ad228c8ef2eb9d5') in 0.014125 seconds 
  Import took 0.020942 seconds .

========================================================================
Received Import Request.
  Time since last request: 603.778792 seconds.
  path: Assets/Scripts/MainManager.cs
  artifactKey: Guid(daf3be75f2063b44c8e18de9e24987cd) Importer(815301076,1909f56bfc062723c751e8b465ee728b)
Start importing Assets/Scripts/MainManager.cs using Guid(daf3be75f2063b44c8e18de9e24987cd) Importer(815301076,1909f56bfc062723c751e8b465ee728b)  -> (artifact id: 'c2238d29c12ba3ba4415ea561aeda573') in 0.017731 seconds 
  Import took 0.031198 seconds .

========================================================================
Received Import Request.
  Time since last request: 0.011989 seconds.
  path: Assets/Scripts/MainManager.cs
  artifactKey: Guid(daf3be75f2063b44c8e18de9e24987cd) Importer(815301076,1909f56bfc062723c751e8b465ee728b)
Start importing Assets/Scripts/MainManager.cs using Guid(daf3be75f2063b44c8e18de9e24987cd) Importer(815301076,1909f56bfc062723c751e8b465ee728b)  -> (artifact id: 'c2238d29c12ba3ba4415ea561aeda573') in 0.011100 seconds 
  Import took 0.025688 seconds .

========================================================================
Received Import Request.
  Time since last request: 56.850180 seconds.
  path: Assets/Scripts/MainManager.cs
  artifactKey: Guid(daf3be75f2063b44c8e18de9e24987cd) Importer(815301076,1909f56bfc062723c751e8b465ee728b)
Start importing Assets/Scripts/MainManager.cs using Guid(daf3be75f2063b44c8e18de9e24987cd) Importer(815301076,1909f56bfc062723c751e8b465ee728b)  -> (artifact id: 'e7d65c7779f248d2bdee303afdc7d598') in 0.012935 seconds 
  Import took 0.026082 seconds .

========================================================================
Received Import Request.
  Time since last request: 1613.352207 seconds.
  path: Assets/Scripts/MainManager.cs
  artifactKey: Guid(daf3be75f2063b44c8e18de9e24987cd) Importer(815301076,1909f56bfc062723c751e8b465ee728b)
Start importing Assets/Scripts/MainManager.cs using Guid(daf3be75f2063b44c8e18de9e24987cd) Importer(815301076,1909f56bfc062723c751e8b465ee728b)  -> (artifact id: '29c365ff2f8d1ac10c08d676a1ffedc3') in 0.015270 seconds 
  Import took 0.024619 seconds .

========================================================================
Received Prepare
Registering precompiled user dll's ...
Registered in 0.007642 seconds.
Begin MonoManager ReloadAssembly
Native extension for WindowsStandalone target not found
Native extension for WebGL target not found
Refreshing native plugins compatible for Editor in 0.82 ms, found 2 plugins.
Preloading 0 native plugins for Editor in 0.00 ms.
Mono: successfully reloaded assembly
- Completed reload, in  1.601 seconds
Platform modules already initialized, skipping
Shader 'Universal Render Pipeline/Particles/Lit': fallback shader 'Universal Render Pipeline/Particles/SimpleLit' not found
Refreshing native plugins compatible for Editor in 1.06 ms, found 2 plugins.
Preloading 0 native plugins for Editor in 0.00 ms.
Unloading 2635 Unused Serialized files (Serialized files now loaded: 0)
System memory in use before: 118.2 MB.
System memory in use after: 118.4 MB.

Unloading 14 unused Assets to reduce memory usage. Loaded Objects now: 3184.
Total: 3.028900 ms (FindLiveObjects: 0.277900 ms CreateObjectMapping: 0.128100 ms MarkObjects: 2.592700 ms  DeleteObjects: 0.028400 ms)

AssetImportParameters requested are different than current active one (requested -> active):
  custom:framework-win-MediaFoundation: 216162199b28c13a410421893ffa2e32 -> 
  custom:video-decoder-ogg-theora: a1e56fd34408186e4bbccfd4996cb3dc -> 
  custom:container-muxer-webm: aa71ff27fc2769a1b78a27578f13a17b -> 
  custom:container-demuxer-webm: 4f35f7cbe854078d1ac9338744f61a02 -> 
  custom:container-demuxer-ogg: 62fdf1f143b41e24485cea50d1cbac27 -> 
  custom:video-encoder-webm-vp8: eb34c28f22e8b96e1ab97ce403110664 -> 
  custom:video-decoder-webm-vp8: 9c59270c3fd7afecdb556c50c9e8de78 -> 
  custom:audio-decoder-ogg-vorbis: bf7c407c2cedff20999df2af8eb42d56 -> 
  custom:audio-encoder-webm-vorbis: bf7c407c2cedff20999df2af8eb42d56 -> 
========================================================================
Received Prepare
Registering precompiled user dll's ...
Registered in 0.005885 seconds.
Begin MonoManager ReloadAssembly
Native extension for WindowsStandalone target not found
Native extension for WebGL target not found
Refreshing native plugins compatible for Editor in 0.69 ms, found 2 plugins.
Preloading 0 native plugins for Editor in 0.00 ms.
Mono: successfully reloaded assembly
- Completed reload, in  1.550 seconds
Platform modules already initialized, skipping
Shader 'Universal Render Pipeline/Particles/Lit': fallback shader 'Universal Render Pipeline/Particles/SimpleLit' not found
Refreshing native plugins compatible for Editor in 1.16 ms, found 2 plugins.
Preloading 0 native plugins for Editor in 0.00 ms.
Unloading 2635 Unused Serialized files (Serialized files now loaded: 0)
System memory in use before: 118.3 MB.
System memory in use after: 118.5 MB.

Unloading 14 unused Assets to reduce memory usage. Loaded Objects now: 3187.
Total: 3.883200 ms (FindLiveObjects: 0.570200 ms CreateObjectMapping: 0.162500 ms MarkObjects: 3.099900 ms  DeleteObjects: 0.045900 ms)

AssetImportParameters requested are different than current active one (requested -> active):
  custom:framework-win-MediaFoundation: 216162199b28c13a410421893ffa2e32 -> 
  custom:video-decoder-ogg-theora: a1e56fd34408186e4bbccfd4996cb3dc -> 
  custom:container-muxer-webm: aa71ff27fc2769a1b78a27578f13a17b -> 
  custom:container-demuxer-webm: 4f35f7cbe854078d1ac9338744f61a02 -> 
  custom:container-demuxer-ogg: 62fdf1f143b41e24485cea50d1cbac27 -> 
  custom:video-encoder-webm-vp8: eb34c28f22e8b96e1ab97ce403110664 -> 
  custom:video-decoder-webm-vp8: 9c59270c3fd7afecdb556c50c9e8de78 -> 
  custom:audio-decoder-ogg-vorbis: bf7c407c2cedff20999df2af8eb42d56 -> 
  custom:audio-encoder-webm-vorbis: bf7c407c2cedff20999df2af8eb42d56 -> 
